<?xml version="1.0" encoding="UTF-8"?>
<!-- Generated by org.testng.reporters.JUnitReportReporter -->
<testsuite hostname="DESKTOP-J11RMNP" failures="0" tests="1" name="tests.LoginPageTest" time="0.000" errors="0" timestamp="2025-08-08T00:32:59 WAT" skipped="1">
  <testcase classname="tests.LoginPageTest" name="loginTest" time="0.000">
    <skipped/>
  </testcase> <!-- loginTest -->
</testsuite> <!-- tests.LoginPageTest -->
