<?xml version="1.0" encoding="UTF-8"?>
<!-- Generated by org.testng.reporters.JUnitReportReporter -->
<testsuite hostname="DESKTOP-J11RMNP" failures="0" tests="1" name="tests.LoginPageTest" time="0.190" errors="0" timestamp="2025-08-09T16:54:43 WAT" skipped="0">
  <testcase classname="tests.LoginPageTest" name="loginTest" time="0.190"/>
</testsuite> <!-- tests.LoginPageTest -->
