<?xml version="1.0" encoding="UTF-8"?>
<!-- Generated by org.testng.reporters.JUnitReportReporter -->
<testsuite hostname="DESKTOP-J11RMNP" failures="0" tests="1" name="tests.CheckoutPageTest" time="0.292" errors="0" timestamp="2025-08-09T16:54:43 WAT" skipped="0">
  <testcase classname="tests.CheckoutPageTest" name="checkoutTest" time="0.292"/>
</testsuite> <!-- tests.CheckoutPageTest -->
