<?xml version="1.0" encoding="UTF-8"?>
<!-- Generated by org.testng.reporters.JUnitReportReporter -->
<testsuite hostname="DESKTOP-J11RMNP" failures="0" tests="1" name="tests.AddItemToCartTest" time="0.117" errors="0" timestamp="2025-08-09T16:54:43 WAT" skipped="0">
  <testcase classname="tests.AddItemToCartTest" name="addItemToCartTest" time="0.117"/>
</testsuite> <!-- tests.AddItemToCartTest -->
